<?xml version="1.0" encoding="UTF-8"?>
<!-- Generated by org.testng.reporters.JUnitXMLReporter -->
<testsuite hostname="Ravis-Air.lan" ignored="0" name="Create Account Test" tests="1" failures="1" timestamp="29 Dec 2020 20:28:49 GMT" time="27.415" errors="0">
  <testcase name="createAccountTest" time="26.496" classname="com.l2a.testcases.CreateAccountTest">
    <failure type="java.lang.NullPointerException">
      <![CDATA[java.lang.NullPointerException
	at com.l2a.testcases.CreateAccountTest.createAccountTest(CreateAccountTest.java:21)
... Removed 25 stack frames]]>
    </failure>
  </testcase> <!-- createAccountTest -->
</testsuite> <!-- Create Account Test -->
