<?xml version="1.0" encoding="UTF-8"?>
<testng-results skipped="0" failed="1" ignored="0" total="2" passed="1">
  <reporter-output>
    <line>
      <![CDATA[Click here to see the Screenshot]]>
    </line>
    <line>
      <![CDATA[<a target="blank" href=Tue_Dec_29_20_28_48_GMT_2020.jpg>Screenshot</a>]]>
    </line>
    <line>
      <![CDATA[<br>]]>
    </line>
    <line>
      <![CDATA[<br>]]>
    </line>
    <line>
      <![CDATA[<a target="blank" href=Tue_Dec_29_20_28_48_GMT_2020.jpg><image src=Tue_Dec_29_20_28_48_GMT_2020.jpg height= 200 width=200></image></a>]]>
    </line>
  </reporter-output>
  <suite name="Page Object Model" duration-ms="68011" started-at="2020-12-29T20:27:41Z" finished-at="2020-12-29T20:28:49Z">
    <groups>
    </groups>
    <test name="Login Test" duration-ms="40560" started-at="2020-12-29T20:27:41Z" finished-at="2020-12-29T20:28:22Z">
      <class name="com.l2a.testcases.LoginTest">
        <test-method status="PASS" signature="loginTest(java.util.Hashtable)[pri:0, instance:com.l2a.testcases.LoginTest@1de0a46c]" name="loginTest" duration-ms="39893" started-at="2020-12-29T20:27:41Z" data-provider="dp" finished-at="2020-12-29T20:28:21Z">
          <params>
            <param index="0">
              <value>
                <![CDATA[{password=dhararavi, Runmode=Y, username=damlani2106@gmail.com}]]>
              </value>
            </param>
          </params>
          <reporter-output>
          </reporter-output>
        </test-method> <!-- loginTest -->
      </class> <!-- com.l2a.testcases.LoginTest -->
    </test> <!-- Login Test -->
    <test name="Create Account Test" duration-ms="27415" started-at="2020-12-29T20:28:22Z" finished-at="2020-12-29T20:28:49Z">
      <class name="com.l2a.testcases.CreateAccountTest">
        <test-method status="FAIL" signature="createAccountTest(java.util.Hashtable)[pri:0, instance:com.l2a.testcases.CreateAccountTest@10cd6753]" name="createAccountTest" duration-ms="26496" started-at="2020-12-29T20:28:22Z" data-provider="dp" finished-at="2020-12-29T20:28:48Z">
          <params>
            <param index="0">
              <value>
                <![CDATA[{accountname=Dhara }]]>
              </value>
            </param>
          </params>
          <exception class="java.lang.NullPointerException">
            <full-stacktrace>
              <![CDATA[java.lang.NullPointerException
	at com.l2a.testcases.CreateAccountTest.createAccountTest(CreateAccountTest.java:21)
	at sun.reflect.NativeMethodAccessorImpl.invoke0(Native Method)
	at sun.reflect.NativeMethodAccessorImpl.invoke(NativeMethodAccessorImpl.java:62)
	at sun.reflect.DelegatingMethodAccessorImpl.invoke(DelegatingMethodAccessorImpl.java:43)
	at java.lang.reflect.Method.invoke(Method.java:498)
	at org.testng.internal.MethodInvocationHelper.invokeMethod(MethodInvocationHelper.java:108)
	at org.testng.internal.Invoker.invokeMethod(Invoker.java:661)
	at org.testng.internal.Invoker.invokeTestMethod(Invoker.java:869)
	at org.testng.internal.Invoker.invokeTestMethods(Invoker.java:1193)
	at org.testng.internal.TestMethodWorker.invokeTestMethods(TestMethodWorker.java:126)
	at org.testng.internal.TestMethodWorker.run(TestMethodWorker.java:109)
	at org.testng.TestRunner.privateRun(TestRunner.java:744)
	at org.testng.TestRunner.run(TestRunner.java:602)
	at org.testng.SuiteRunner.runTest(SuiteRunner.java:380)
	at org.testng.SuiteRunner.runSequentially(SuiteRunner.java:375)
	at org.testng.SuiteRunner.privateRun(SuiteRunner.java:340)
	at org.testng.SuiteRunner.run(SuiteRunner.java:289)
	at org.testng.SuiteRunnerWorker.runSuite(SuiteRunnerWorker.java:52)
	at org.testng.SuiteRunnerWorker.run(SuiteRunnerWorker.java:86)
	at org.testng.TestNG.runSuitesSequentially(TestNG.java:1301)
	at org.testng.TestNG.runSuitesLocally(TestNG.java:1226)
	at org.testng.TestNG.runSuites(TestNG.java:1144)
	at org.testng.TestNG.run(TestNG.java:1115)
	at org.testng.remote.AbstractRemoteTestNG.run(AbstractRemoteTestNG.java:132)
	at org.testng.remote.RemoteTestNG.initAndRun(RemoteTestNG.java:230)
	at org.testng.remote.RemoteTestNG.main(RemoteTestNG.java:76)
]]>
            </full-stacktrace>
          </exception> <!-- java.lang.NullPointerException -->
          <reporter-output>
            <line>
              <![CDATA[Click here to see the Screenshot]]>
            </line>
            <line>
              <![CDATA[<a target="blank" href=Tue_Dec_29_20_28_48_GMT_2020.jpg>Screenshot</a>]]>
            </line>
            <line>
              <![CDATA[<br>]]>
            </line>
            <line>
              <![CDATA[<br>]]>
            </line>
            <line>
              <![CDATA[<a target="blank" href=Tue_Dec_29_20_28_48_GMT_2020.jpg><image src=Tue_Dec_29_20_28_48_GMT_2020.jpg height= 200 width=200></image></a>]]>
            </line>
          </reporter-output>
        </test-method> <!-- createAccountTest -->
      </class> <!-- com.l2a.testcases.CreateAccountTest -->
      <class name="com.l2a.testcases.LoginTest">
        <test-method status="PASS" signature="tearDown()[pri:0, instance:com.l2a.testcases.LoginTest@1de0a46c]" name="tearDown" is-config="true" duration-ms="273" started-at="2020-12-29T20:28:49Z" finished-at="2020-12-29T20:28:49Z">
          <reporter-output>
          </reporter-output>
        </test-method> <!-- tearDown -->
      </class> <!-- com.l2a.testcases.LoginTest -->
    </test> <!-- Create Account Test -->
  </suite> <!-- Page Object Model -->
</testng-results>
